# JRE version: OpenJDK Runtime Environment (8.0) (build 1.8.0-adoptopenjdk-_2018_05_19_00_59-b00)
# Java VM: OpenJDK 64-Bit Server VM (25.71-b00 mixed mode windows-amd64 compressed oops)
Heap:
 PSYoungGen      total 9216K, used 2454K [0x00000000f6200000, 0x00000000f6c00000, 0x0000000100000000)
  eden space 8192K, 17% used [0x00000000f6200000,0x00000000f63689b8,0x00000000f6a00000)
  from space 1024K, 98% used [0x00000000f6a00000,0x00000000f6afcf10,0x00000000f6b00000)
  to   space 1024K, 0% used [0x00000000f6b00000,0x00000000f6b00000,0x00000000f6c00000)
 ParOldGen       total 20480K, used 4106K [0x00000000e2600000, 0x00000000e3a00000, 0x00000000f6200000)
  object space 20480K, 20% used [0x00000000e2600000,0x00000000e2a02bc8,0x00000000e3a00000)
 Metaspace       used 12638K, capacity 12950K, committed 13184K, reserved 1060864K
  class space    used 1498K, capacity 1605K, committed 1664K, reserved 1048576K
GC Heap History (9 events):
Event: 7.007 GC heap before
{Heap before GC invocations=1 (full 0):
 PSYoungGen      total 9216K, used 8192K [0x00000000f6200000, 0x00000000f6c00000, 0x0000000100000000)
  eden space 8192K, 100% used [0x00000000f6200000,0x00000000f6a00000,0x00000000f6a00000)
  from space 1024K, 0% used [0x00000000f6b00000,0x00000000f6b00000,0x00000000f6c00000)
  to   space 1024K, 0% used [0x00000000f6a00000,0x00000000f6a00000,0x00000000f6b00000)
 ParOldGen       total 20480K, used 0K [0x00000000e2600000, 0x00000000e3a00000, 0x00000000f6200000)
  object space 20480K, 0% used [0x00000000e2600000,0x00000000e2600000,0x00000000e3a00000)
 Metaspace       used 5892K, capacity 6122K, committed 6144K, reserved 1056768K
  class space    used 688K, capacity 765K, committed 768K, reserved 1048576K
Event: 7.062 GC heap after
Heap after GC invocations=1 (full 0):
 PSYoungGen      total 9216K, used 1024K [0x00000000f6200000, 0x00000000f6c00000, 0x0000000100000000)
  eden space 8192K, 0% used [0x00000000f6200000,0x00000000f6200000,0x00000000f6a00000)
  from space 1024K, 100% used [0x00000000f6a00000,0x00000000f6b00000,0x00000000f6b00000)
  to   space 1024K, 0% used [0x00000000f6b00000,0x00000000f6b00000,0x00000000f6c00000)
 ParOldGen       total 20480K, used 1033K [0x00000000e2600000, 0x00000000e3a00000, 0x00000000f6200000)
  object space 20480K, 5% used [0x00000000e2600000,0x00000000e2702598,0x00000000e3a00000)
 Metaspace       used 5892K, capacity 6122K, committed 6144K, reserved 1056768K
  class space    used 688K, capacity 765K, committed 768K, reserved 1048576K
}
Event: 13.394 GC heap before
{Heap before GC invocations=2 (full 0):
 PSYoungGen      total 9216K, used 9206K [0x00000000f6200000, 0x00000000f6c00000, 0x0000000100000000)
  eden space 8192K, 99% used [0x00000000f6200000,0x00000000f69fd960,0x00000000f6a00000)
  from space 1024K, 100% used [0x00000000f6a00000,0x00000000f6b00000,0x00000000f6b00000)
  to   space 1024K, 0% used [0x00000000f6b00000,0x00000000f6b00000,0x00000000f6c00000)
 ParOldGen       total 20480K, used 1033K [0x00000000e2600000, 0x00000000e3a00000, 0x00000000f6200000)
  object space 20480K, 5% used [0x00000000e2600000,0x00000000e2702598,0x00000000e3a00000)
 Metaspace       used 12256K, capacity 12538K, committed 12928K, reserved 1060864K
  class space    used 1485K, capacity 1563K, committed 1664K, reserved 1048576K
Event: 13.407 GC heap after
Heap after GC invocations=2 (full 0):
 PSYoungGen      total 9216K, used 1010K [0x00000000f6200000, 0x00000000f6c00000, 0x0000000100000000)
  eden space 8192K, 0% used [0x00000000f6200000,0x00000000f6200000,0x00000000f6a00000)
  from space 1024K, 98% used [0x00000000f6b00000,0x00000000f6bfc948,0x00000000f6c00000)
  to   space 1024K, 0% used [0x00000000f6a00000,0x00000000f6a00000,0x00000000f6b00000)
 ParOldGen       total 20480K, used 2632K [0x00000000e2600000, 0x00000000e3a00000, 0x00000000f6200000)
  object space 20480K, 12% used [0x00000000e2600000,0x00000000e2892260,0x00000000e3a00000)
 Metaspace       used 12256K, capacity 12538K, committed 12928K, reserved 1060864K
  class space    used 1485K, capacity 1563K, committed 1664K, reserved 1048576K
}
Event: 14.057 GC heap before
{Heap before GC invocations=3 (full 0):
 PSYoungGen      total 9216K, used 9202K [0x00000000f6200000, 0x00000000f6c00000, 0x0000000100000000)
  eden space 8192K, 100% used [0x00000000f6200000,0x00000000f6a00000,0x00000000f6a00000)
  from space 1024K, 98% used [0x00000000f6b00000,0x00000000f6bfc948,0x00000000f6c00000)
  to   space 1024K, 0% used [0x00000000f6a00000,0x00000000f6a00000,0x00000000f6b00000)
 ParOldGen       total 20480K, used 2632K [0x00000000e2600000, 0x00000000e3a00000, 0x00000000f6200000)
  object space 20480K, 12% used [0x00000000e2600000,0x00000000e2892260,0x00000000e3a00000)
 Metaspace       used 12436K, capacity 12698K, committed 12928K, reserved 1060864K
  class space    used 1492K, capacity 1595K, committed 1664K, reserved 1048576K
Event: 14.066 GC heap after
Heap after GC invocations=3 (full 0):
 PSYoungGen      total 9216K, used 995K [0x00000000f6200000, 0x00000000f6c00000, 0x0000000100000000)
  eden space 8192K, 0% used [0x00000000f6200000,0x00000000f6200000,0x00000000f6a00000)
  from space 1024K, 97% used [0x00000000f6a00000,0x00000000f6af8f20,0x00000000f6b00000)
  to   space 1024K, 0% used [0x00000000f6b00000,0x00000000f6b00000,0x00000000f6c00000)
 ParOldGen       total 20480K, used 3301K [0x00000000e2600000, 0x00000000e3a00000, 0x00000000f6200000)
  object space 20480K, 16% used [0x00000000e2600000,0x00000000e29397c8,0x00000000e3a00000)
 Metaspace       used 12436K, capacity 12698K, committed 12928K, reserved 1060864K
  class space    used 1492K, capacity 1595K, committed 1664K, reserved 1048576K
}
Event: 14.409 GC heap before
{Heap before GC invocations=4 (full 0):
 PSYoungGen      total 9216K, used 9187K [0x00000000f6200000, 0x00000000f6c00000, 0x0000000100000000)
  eden space 8192K, 100% used [0x00000000f6200000,0x00000000f6a00000,0x00000000f6a00000)
  from space 1024K, 97% used [0x00000000f6a00000,0x00000000f6af8f20,0x00000000f6b00000)
  to   space 1024K, 0% used [0x00000000f6b00000,0x00000000f6b00000,0x00000000f6c00000)
 ParOldGen       total 20480K, used 3301K [0x00000000e2600000, 0x00000000e3a00000, 0x00000000f6200000)
  object space 20480K, 16% used [0x00000000e2600000,0x00000000e29397c8,0x00000000e3a00000)
 Metaspace       used 12550K, capacity 12868K, committed 13184K, reserved 1060864K
  class space    used 1496K, capacity 1602K, committed 1664K, reserved 1048576K
Event: 14.414 GC heap after
Heap after GC invocations=4 (full 0):
 PSYoungGen      total 9216K, used 993K [0x00000000f6200000, 0x00000000f6c00000, 0x0000000100000000)
  eden space 8192K, 0% used [0x00000000f6200000,0x00000000f6200000,0x00000000f6a00000)
  from space 1024K, 96% used [0x00000000f6b00000,0x00000000f6bf8490,0x00000000f6c00000)
  to   space 1024K, 0% used [0x00000000f6a00000,0x00000000f6a00000,0x00000000f6b00000)
 ParOldGen       total 20480K, used 3670K [0x00000000e2600000, 0x00000000e3a00000, 0x00000000f6200000)
  object space 20480K, 17% used [0x00000000e2600000,0x00000000e2995a30,0x00000000e3a00000)
 Metaspace       used 12550K, capacity 12868K, committed 13184K, reserved 1060864K
  class space    used 1496K, capacity 1602K, committed 1664K, reserved 1048576K
}
Event: 14.614 GC heap before
{Heap before GC invocations=5 (full 0):
 PSYoungGen      total 9216K, used 9185K [0x00000000f6200000, 0x00000000f6c00000, 0x0000000100000000)
  eden space 8192K, 100% used [0x00000000f6200000,0x00000000f6a00000,0x00000000f6a00000)
  from space 1024K, 96% used [0x00000000f6b00000,0x00000000f6bf8490,0x00000000f6c00000)
  to   space 1024K, 0% used [0x00000000f6a00000,0x00000000f6a00000,0x00000000f6b00000)
 ParOldGen       total 20480K, used 3670K [0x00000000e2600000, 0x00000000e3a00000, 0x00000000f6200000)
  object space 20480K, 17% used [0x00000000e2600000,0x00000000e2995a30,0x00000000e3a00000)
 Metaspace       used 12614K, capacity 12950K, committed 13184K, reserved 1060864K
  class space    used 1498K, capacity 1605K, committed 1664K, reserved 1048576K

